北京市,北京市
北京市,东城区
北京市,西城区
北京市,朝阳区
北京市,丰台区
北京市,石景山区
北京市,海淀区
北京市,门头沟区
北京市,房山区
北京市,通州区
北京市,顺义区
北京市,昌平区
北京市,大兴区
北京市,怀柔区
北京市,平谷区
北京市,密云县
北京市,延庆县
上海市,上海市
上海市,黄浦区
上海市,徐汇区
上海市,长宁区
上海市,静安区
上海市,普陀区
上海市,闸北区
上海市,虹口区
上海市,杨浦区
上海市,闵行区
上海市,宝山区
上海市,嘉定区
上海市,浦东新区
上海市,金山区
上海市,松江区
上海市,青浦区
上海市,奉贤区
上海市,崇明县
上海市,江苏省
广州市,广州市
广州市,荔湾区
广州市,越秀区
广州市,海珠区
广州市,天河区
广州市,白云区
广州市,黄埔区
广州市,番禺区
广州市,花都区
广州市,南沙区
广州市,萝岗区
深圳市,深圳市
深圳市,罗湖区
深圳市,福田区
深圳市,南山区
深圳市,宝安区
深圳市,龙岗区
深圳市,盐田区
天津市,天津市
天津市,和平区
天津市,河东区
天津市,河西区
天津市,南开区
天津市,河北区
天津市,红桥区
天津市,东丽区
天津市,西青区
天津市,津南区
天津市,北辰区
天津市,武清区
天津市,宝坻区
天津市,滨海新区
天津市,宁河县
天津市,静海县
天津市,蓟县
天津市,河北省
西安市,西安市
西安市,新城区
西安市,碑林区
西安市,莲湖区
西安市,灞桥区
西安市,未央区
西安市,雁塔区
西安市,阎良区
西安市,临潼区
西安市,长安区
西安市,蓝田县
西安市,周至县
西安市,户县
西安市,高陵县
福州市,福州市
福州市,鼓楼区
福州市,台江区
福州市,仓山区
福州市,马尾区
福州市,晋安区
福州市,闽侯县
福州市,连江县
福州市,罗源县
福州市,闽清县
福州市,永泰县
福州市,平潭县
重庆市,重庆市
重庆市,万州区
重庆市,涪陵区
重庆市,渝中区
重庆市,大渡口区
重庆市,江北区
重庆市,沙坪坝区
重庆市,九龙坡区
重庆市,南岸区
重庆市,北碚区
重庆市,綦江区
重庆市,大足区
重庆市,渝北区
重庆市,巴南区
重庆市,黔江区
重庆市,长寿区
重庆市,江津区
重庆市,合川区
重庆市,永川区
重庆市,南川区
重庆市,潼南县
重庆市,铜梁县
重庆市,荣昌县
重庆市,璧山县
重庆市,梁平县
重庆市,城口县
重庆市,丰都县
重庆市,垫江县
重庆市,武隆县
重庆市,忠县
重庆市,开县
重庆市,云阳县
重庆市,奉节县
重庆市,巫山县
重庆市,巫溪县
重庆市,石柱土家族自治县
重庆市,秀山土家族苗族自治县
重庆市,酉阳土家族苗族自治县
重庆市,彭水苗族土家族自治县
重庆市,四川省
杭州市,杭州市
杭州市,上城区
杭州市,下城区
杭州市,江干区
杭州市,拱墅区
杭州市,西湖区
杭州市,滨江区
杭州市,萧山区
杭州市,余杭区
杭州市,桐庐县
杭州市,淳安县
宁波市,宁波市
宁波市,海曙区
宁波市,江东区
宁波市,江北区
宁波市,北仑区
宁波市,镇海区
宁波市,鄞州区
宁波市,象山县
宁波市,宁海县
无锡市,无锡市
无锡市,崇安区
无锡市,南长区
无锡市,北塘区
无锡市,锡山区
无锡市,惠山区
无锡市,滨湖区
南京市,南京市
南京市,玄武区
南京市,秦淮区
南京市,建邺区
南京市,鼓楼区
南京市,浦口区
南京市,栖霞区
南京市,雨花台区
南京市,江宁区
南京市,六合区
南京市,溧水区
南京市,高淳区
合肥市,合肥市
合肥市,瑶海区
合肥市,庐阳区
合肥市,蜀山区
合肥市,包河区
合肥市,长丰县
合肥市,肥东县
合肥市,肥西县
合肥市,庐江县
武汉市,武汉市
武汉市,江岸区
武汉市,江汉区
武汉市,硚口区
武汉市,汉阳区
武汉市,武昌区
武汉市,青山区
武汉市,洪山区
武汉市,东西湖区
武汉市,汉南区
武汉市,蔡甸区
武汉市,江夏区
武汉市,黄陂区
武汉市,新洲区
成都市,成都市
成都市,锦江区
成都市,青羊区
成都市,金牛区
成都市,武侯区
成都市,成华区
成都市,龙泉驿区
成都市,青白江区
成都市,新都区
成都市,温江区
成都市,金堂县
成都市,双流县
成都市,郫县
成都市,大邑县
成都市,蒲江县
成都市,新津县
青岛市,青岛市
青岛市,市南区
青岛市,市北区
青岛市,黄岛区
青岛市,崂山区
青岛市,李沧区
青岛市,城阳区
厦门市,厦门市
厦门市,思明区
厦门市,海沧区
厦门市,湖里区
厦门市,集美区
厦门市,同安区
厦门市,翔安区
大连市,大连市
大连市,中山区
大连市,西岗区
大连市,沙河口区
大连市,甘井子区
大连市,旅顺口区
大连市,金州区
大连市,长海县
沈阳市,沈阳市
沈阳市,和平区
沈阳市,沈河区
沈阳市,大东区
沈阳市,皇姑区
沈阳市,铁西区
沈阳市,苏家屯区
沈阳市,东陵区
沈阳市,沈北新区
沈阳市,于洪区
沈阳市,辽中县
沈阳市,康平县
沈阳市,法库县
长沙市,长沙市
长沙市,芙蓉区
长沙市,天心区
长沙市,岳麓区
长沙市,开福区
长沙市,雨花区
长沙市,望城区
长沙市,长沙县
长沙市,宁乡县
郑州市,郑州市
郑州市,中原区
郑州市,二七区
郑州市,管城回族区
郑州市,金水区
郑州市,上街区
郑州市,惠济区
郑州市,中牟县
石家庄市,石家庄市
石家庄市,长安区
石家庄市,桥东区
石家庄市,桥西区
石家庄市,新华区
石家庄市,井陉矿区
石家庄市,裕华区
石家庄市,井陉县
石家庄市,正定县
石家庄市,栾城县
石家庄市,行唐县
石家庄市,灵寿县
石家庄市,高邑县
石家庄市,深泽县
石家庄市,赞皇县
石家庄市,无极县
石家庄市,平山县
石家庄市,元氏县
石家庄市,赵县
苏州市,苏州市
苏州市,虎丘区
苏州市,吴中区
苏州市,相城区
苏州市,姑苏区
苏州市,吴江区
淄博市,淄博市
淄博市,淄川区
淄博市,张店区
淄博市,博山区
淄博市,临淄区
淄博市,周村区
淄博市,桓台县
淄博市,高青县
淄博市,沂源县
南通市,南通市
南通市,崇川区
南通市,港闸区
南通市,通州区
南通市,海安县
南通市,如东县
南昌市,南昌市
南昌市,东湖区
南昌市,西湖区
南昌市,青云谱区
南昌市,湾里区
南昌市,青山湖区
南昌市,南昌县
南昌市,新建县
南昌市,安义县
南昌市,进贤县
保定市,保定市
保定市,新市区
保定市,北市区
保定市,南市区
保定市,满城县
保定市,清苑县
保定市,涞水县
保定市,阜平县
保定市,徐水县
保定市,定兴县
保定市,唐县
保定市,高阳县
保定市,容城县
保定市,涞源县
保定市,望都县
保定市,安新县
保定市,易县
保定市,曲阳县
保定市,蠡县
保定市,顺平县
保定市,博野县
保定市,雄县
蚌埠市,蚌埠市
蚌埠市,龙子湖区
蚌埠市,蚌山区
蚌埠市,禹会区
蚌埠市,淮上区
蚌埠市,怀远县
蚌埠市,五河县
蚌埠市,固镇县
常州市,常州市
常州市,天宁区
常州市,钟楼区
常州市,戚墅堰区
常州市,新北区
常州市,武进区
大庆市,大庆市
大庆市,萨尔图区
大庆市,龙凤区
大庆市,让胡路区
大庆市,红岗区
大庆市,大同区
大庆市,肇州县
大庆市,肇源县
大庆市,林甸县
大庆市,杜尔伯特蒙古族自治县
东莞市,东莞市
佛山市,佛山市
佛山市,禅城区
佛山市,南海区
佛山市,顺德区
佛山市,三水区
佛山市,高明区
桂林市,桂林市
桂林市,秀峰区
桂林市,叠彩区
桂林市,象山区
桂林市,七星区
桂林市,雁山区
桂林市,临桂区
桂林市,阳朔县
桂林市,灵川县
桂林市,全州县
桂林市,兴安县
桂林市,永福县
桂林市,灌阳县
桂林市,龙胜各族自治县
桂林市,资源县
桂林市,平乐县
桂林市,荔浦县
桂林市,恭城瑶族自治县
海口市,海口市
海口市,秀英区
海口市,龙华区
海口市,琼山区
海口市,美兰区
葫芦岛市,葫芦岛市
葫芦岛市,连山区
葫芦岛市,龙港区
葫芦岛市,南票区
葫芦岛市,绥中县
葫芦岛市,建昌县
济南市,济南市
济南市,历下区
济南市,市中区
济南市,槐荫区
济南市,天桥区
济南市,历城区
济南市,长清区
济南市,平阴县
济南市,济阳县
济南市,商河县
焦作市,焦作市
焦作市,解放区
焦作市,中站区
焦作市,马村区
焦作市,山阳区
焦作市,修武县
焦作市,博爱县
焦作市,武陟县
焦作市,温县
锦州市,锦州市
锦州市,古塔区
锦州市,凌河区
锦州市,太和区
锦州市,黑山县
锦州市,义县
南宁市,南宁市
南宁市,兴宁区
南宁市,青秀区
南宁市,江南区
南宁市,西乡塘区
南宁市,良庆区
南宁市,邕宁区
南宁市,武鸣县
南宁市,隆安县
南宁市,马山县
南宁市,上林县
南宁市,宾阳县
南宁市,横县
太原市,太原市
太原市,小店区
太原市,迎泽区
太原市,杏花岭区
太原市,尖草坪区
太原市,万柏林区
太原市,晋源区
太原市,清徐县
太原市,阳曲县
太原市,娄烦县
芜湖市,芜湖市
芜湖市,镜湖区
芜湖市,弋江区
芜湖市,鸠江区
芜湖市,三山区
芜湖市,芜湖县
芜湖市,繁昌县
芜湖市,南陵县
芜湖市,无为县
新乡市,新乡市
新乡市,红旗区
新乡市,卫滨区
新乡市,凤泉区
新乡市,牧野区
新乡市,新乡县
新乡市,获嘉县
新乡市,原阳县
新乡市,延津县
新乡市,封丘县
新乡市,长垣县
烟台市,烟台市
烟台市,芝罘区
烟台市,福山区
烟台市,牟平区
烟台市,莱山区
烟台市,长岛县
哈尔滨市,哈尔滨市
哈尔滨市,道里区
哈尔滨市,南岗区
哈尔滨市,道外区
哈尔滨市,平房区
哈尔滨市,松北区
哈尔滨市,香坊区
哈尔滨市,呼兰区
哈尔滨市,阿城区
哈尔滨市,依兰县
哈尔滨市,方正县
哈尔滨市,宾县
哈尔滨市,巴彦县
哈尔滨市,木兰县
哈尔滨市,通河县
哈尔滨市,延寿县
廊坊市,廊坊市
廊坊市,安次区
廊坊市,广阳区
廊坊市,固安县
廊坊市,永清县
廊坊市,香河县
廊坊市,大城县
廊坊市,文安县
廊坊市,大厂回族自治县
贵阳市,贵阳市
贵阳市,南明区
贵阳市,云岩区
贵阳市,花溪区
贵阳市,乌当区
贵阳市,白云区
贵阳市,观山湖区
贵阳市,开阳县
贵阳市,息烽县
贵阳市,修文县
珠海市,珠海市
珠海市,香洲区
珠海市,斗门区
珠海市,金湾区
齐齐哈尔市,齐齐哈尔市
齐齐哈尔市,龙沙区
齐齐哈尔市,建华区
齐齐哈尔市,铁锋区
齐齐哈尔市,昂昂溪区
齐齐哈尔市,富拉尔基区
齐齐哈尔市,碾子山区
齐齐哈尔市,梅里斯达斡尔族区
齐齐哈尔市,龙江县
齐齐哈尔市,依安县
齐齐哈尔市,泰来县
齐齐哈尔市,甘南县
齐齐哈尔市,富裕县
齐齐哈尔市,克山县
齐齐哈尔市,克东县
齐齐哈尔市,拜泉县
泉州市,泉州市
泉州市,鲤城区
泉州市,丰泽区
泉州市,洛江区
泉州市,泉港区
泉州市,惠安县
泉州市,安溪县
泉州市,永春县
泉州市,德化县
泉州市,金门县
三亚市,三亚市
温州市,温州市
温州市,鹿城区
温州市,龙湾区
温州市,瓯海区
温州市,洞头县
温州市,永嘉县
温州市,平阳县
温州市,苍南县
温州市,文成县
温州市,泰顺县
中山市,中山市
昆明市,昆明市
昆明市,五华区
昆明市,盘龙区
昆明市,官渡区
昆明市,西山区
昆明市,东川区
昆明市,呈贡区
昆明市,晋宁县
昆明市,富民县
昆明市,宜良县
昆明市,石林彝族自治县
昆明市,嵩明县
昆明市,禄劝彝族苗族自治县
昆明市,寻甸回族彝族自治县
九江市,九江市
九江市,庐山区
九江市,浔阳区
九江市,九江县
九江市,武宁县
九江市,修水县
九江市,永修县
九江市,德安县
九江市,星子县
九江市,都昌县
九江市,湖口县
九江市,彭泽县
长春市,长春市
长春市,南关区
长春市,宽城区
长春市,朝阳区
长春市,二道区
长春市,绿园区
长春市,双阳区
长春市,农安县
汕头市,汕头市
汕头市,龙湖区
汕头市,金平区
汕头市,濠江区
汕头市,潮阳区
汕头市,潮南区
汕头市,澄海区
汕头市,南澳县
徐州市,徐州市
徐州市,鼓楼区
徐州市,云龙区
徐州市,贾汪区
徐州市,泉山区
徐州市,铜山区
徐州市,丰县
徐州市,沛县
徐州市,睢宁县
扬州市,扬州市
扬州市,广陵区
扬州市,邗江区
扬州市,江都区
扬州市,宝应县
唐山市,唐山市
唐山市,路南区
唐山市,路北区
唐山市,古冶区
唐山市,开平区
唐山市,丰南区
唐山市,丰润区
唐山市,曹妃甸区
唐山市,滦县
唐山市,滦南县
唐山市,乐亭县
唐山市,迁西县
唐山市,玉田县
秦皇岛市,秦皇岛市
秦皇岛市,海港区
秦皇岛市,山海关区
秦皇岛市,北戴河区
秦皇岛市,青龙满族自治县
秦皇岛市,昌黎县
秦皇岛市,抚宁县
秦皇岛市,卢龙县
邯郸市,邯郸市
邯郸市,邯山区
邯郸市,丛台区
邯郸市,复兴区
邯郸市,峰峰矿区
邯郸市,邯郸县
邯郸市,临漳县
邯郸市,成安县
邯郸市,大名县
邯郸市,涉县
邯郸市,磁县
邯郸市,肥乡县
邯郸市,永年县
邯郸市,邱县
邯郸市,鸡泽县
邯郸市,广平县
邯郸市,馆陶县
邯郸市,魏县
邯郸市,曲周县
邢台市,邢台市
邢台市,桥东区
邢台市,桥西区
邢台市,邢台县
邢台市,临城县
邢台市,内丘县
邢台市,柏乡县
邢台市,隆尧县
邢台市,任县
邢台市,南和县
邢台市,宁晋县
邢台市,巨鹿县
邢台市,新河县
邢台市,广宗县
邢台市,平乡县
邢台市,威县
邢台市,清河县
邢台市,临西县
张家口市,张家口市
张家口市,桥东区
张家口市,桥西区
张家口市,宣化区
张家口市,下花园区
张家口市,宣化县
张家口市,张北县
张家口市,康保县
张家口市,沽源县
张家口市,尚义县
张家口市,蔚县
张家口市,阳原县
张家口市,怀安县
张家口市,万全县
张家口市,怀来县
张家口市,涿鹿县
张家口市,赤城县
张家口市,崇礼县
承德市,承德市
承德市,双桥区
承德市,双滦区
承德市,鹰手营子矿区
承德市,承德县
承德市,兴隆县
承德市,平泉县
承德市,滦平县
承德市,隆化县
承德市,丰宁满族自治县
承德市,宽城满族自治县
承德市,围场满族蒙古族自治县
沧州市,沧州市
沧州市,新华区
沧州市,运河区
沧州市,沧县
沧州市,青县
沧州市,东光县
沧州市,海兴县
沧州市,盐山县
沧州市,肃宁县
沧州市,南皮县
沧州市,吴桥县
沧州市,献县
沧州市,孟村回族自治县
衡水市,衡水市
衡水市,桃城区
衡水市,枣强县
衡水市,武邑县
衡水市,武强县
衡水市,饶阳县
衡水市,安平县
衡水市,故城县
衡水市,景县
衡水市,阜城县
大同市,大同市
大同市,城区
大同市,矿区
大同市,南郊区
大同市,新荣区
大同市,阳高县
大同市,天镇县
大同市,广灵县
大同市,灵丘县
大同市,浑源县
大同市,左云县
大同市,大同县
阳泉市,阳泉市
阳泉市,城区
阳泉市,矿区
阳泉市,郊区
阳泉市,平定县
阳泉市,盂县
长治市,长治市
长治市,城区
长治市,郊区
长治市,长治县
长治市,襄垣县
长治市,屯留县
长治市,平顺县
长治市,黎城县
长治市,壶关县
长治市,长子县
长治市,武乡县
长治市,沁县
长治市,沁源县
晋城市,晋城市
晋城市,城区
晋城市,沁水县
晋城市,阳城县
晋城市,陵川县
晋城市,泽州县
朔州市,朔州市
朔州市,朔城区
朔州市,平鲁区
朔州市,山阴县
朔州市,应县
朔州市,右玉县
朔州市,怀仁县
晋中市,晋中市
晋中市,榆次区
晋中市,榆社县
晋中市,左权县
晋中市,和顺县
晋中市,昔阳县
晋中市,寿阳县
晋中市,太谷县
晋中市,祁县
晋中市,平遥县
晋中市,灵石县
运城市,运城市
运城市,盐湖区
运城市,临猗县
运城市,万荣县
运城市,闻喜县
运城市,稷山县
运城市,新绛县
运城市,绛县
运城市,垣曲县
运城市,夏县
运城市,平陆县
运城市,芮城县
忻州市,忻州市
忻州市,忻府区
忻州市,定襄县
忻州市,五台县
忻州市,代县
忻州市,繁峙县
忻州市,宁武县
忻州市,静乐县
忻州市,神池县
忻州市,五寨县
忻州市,岢岚县
忻州市,河曲县
忻州市,保德县
忻州市,偏关县
临汾市,临汾市
临汾市,尧都区
临汾市,曲沃县
临汾市,翼城县
临汾市,襄汾县
临汾市,洪洞县
临汾市,古县
临汾市,安泽县
临汾市,浮山县
临汾市,吉县
临汾市,乡宁县
临汾市,大宁县
临汾市,隰县
临汾市,永和县
临汾市,蒲县
临汾市,汾西县
吕梁市,吕梁市
吕梁市,离石区
吕梁市,文水县
吕梁市,交城县
吕梁市,兴县
吕梁市,临县
吕梁市,柳林县
吕梁市,石楼县
吕梁市,岚县
吕梁市,方山县
吕梁市,中阳县
吕梁市,交口县
呼和浩特市,呼和浩特市
呼和浩特市,新城区
呼和浩特市,回民区
呼和浩特市,玉泉区
呼和浩特市,赛罕区
呼和浩特市,土默特左旗
呼和浩特市,托克托县
呼和浩特市,和林格尔县
呼和浩特市,清水河县
呼和浩特市,武川县
包头市,包头市
包头市,东河区
包头市,昆都仑区
包头市,青山区
包头市,石拐区
包头市,白云鄂博矿区
包头市,九原区
包头市,土默特右旗
包头市,固阳县
包头市,达尔罕茂明安联合旗
乌海市,乌海市
乌海市,海勃湾区
乌海市,海南区
乌海市,乌达区
赤峰市,赤峰市
赤峰市,红山区
赤峰市,元宝山区
赤峰市,松山区
赤峰市,阿鲁科尔沁旗
赤峰市,巴林左旗
赤峰市,巴林右旗
赤峰市,林西县
赤峰市,克什克腾旗
赤峰市,翁牛特旗
赤峰市,喀喇沁旗
赤峰市,宁城县
赤峰市,敖汉旗
通辽市,通辽市
通辽市,科尔沁区
通辽市,科尔沁左翼中旗
通辽市,科尔沁左翼后旗
通辽市,开鲁县
通辽市,库伦旗
通辽市,奈曼旗
通辽市,扎鲁特旗
鄂尔多斯市,鄂尔多斯市
鄂尔多斯市,东胜区
鄂尔多斯市,达拉特旗
鄂尔多斯市,准格尔旗
鄂尔多斯市,鄂托克前旗
鄂尔多斯市,鄂托克旗
鄂尔多斯市,杭锦旗
鄂尔多斯市,乌审旗
鄂尔多斯市,伊金霍洛旗
呼伦贝尔市,呼伦贝尔市
呼伦贝尔市,海拉尔区
呼伦贝尔市,扎赉诺尔区
呼伦贝尔市,阿荣旗
呼伦贝尔市,莫力达瓦达斡尔族自治旗
呼伦贝尔市,鄂伦春自治旗
呼伦贝尔市,鄂温克族自治旗
呼伦贝尔市,陈巴尔虎旗
呼伦贝尔市,新巴尔虎左旗
呼伦贝尔市,新巴尔虎右旗
巴彦淖尔市,巴彦淖尔市
巴彦淖尔市,临河区
巴彦淖尔市,五原县
巴彦淖尔市,磴口县
巴彦淖尔市,乌拉特前旗
巴彦淖尔市,乌拉特中旗
巴彦淖尔市,乌拉特后旗
巴彦淖尔市,杭锦后旗
乌兰察布市,乌兰察布市
乌兰察布市,集宁区
乌兰察布市,卓资县
乌兰察布市,化德县
乌兰察布市,商都县
乌兰察布市,兴和县
乌兰察布市,凉城县
乌兰察布市,察哈尔右翼前旗
乌兰察布市,察哈尔右翼中旗
乌兰察布市,察哈尔右翼后旗
乌兰察布市,四子王旗
鞍山市,鞍山市
鞍山市,铁东区
鞍山市,铁西区
鞍山市,立山区
鞍山市,千山区
鞍山市,台安县
鞍山市,岫岩满族自治县
抚顺市,抚顺市
抚顺市,新抚区
抚顺市,东洲区
抚顺市,望花区
抚顺市,顺城区
抚顺市,抚顺县
抚顺市,新宾满族自治县
抚顺市,清原满族自治县
本溪市,本溪市
本溪市,平山区
本溪市,溪湖区
本溪市,明山区
本溪市,南芬区
本溪市,本溪满族自治县
本溪市,桓仁满族自治县
丹东市,丹东市
丹东市,元宝区
丹东市,振兴区
丹东市,振安区
丹东市,宽甸满族自治县
营口市,营口市
营口市,站前区
营口市,西市区
营口市,鲅鱼圈区
营口市,老边区
阜新市,阜新市
阜新市,海州区
阜新市,新邱区
阜新市,太平区
阜新市,清河门区
阜新市,细河区
阜新市,阜新蒙古族自治县
阜新市,彰武县
辽阳市,辽阳市
辽阳市,白塔区
辽阳市,文圣区
辽阳市,宏伟区
辽阳市,弓长岭区
辽阳市,太子河区
辽阳市,辽阳县
盘锦市,盘锦市
盘锦市,双台子区
盘锦市,兴隆台区
盘锦市,大洼县
盘锦市,盘山县
铁岭市,铁岭市
铁岭市,银州区
铁岭市,清河区
铁岭市,铁岭县
铁岭市,西丰县
铁岭市,昌图县
朝阳市,朝阳市
朝阳市,双塔区
朝阳市,龙城区
朝阳市,朝阳县
朝阳市,建平县
朝阳市,喀喇沁左翼蒙古族自治县
吉林市,吉林市
吉林市,昌邑区
吉林市,龙潭区
吉林市,船营区
吉林市,丰满区
吉林市,永吉县
四平市,四平市
四平市,铁西区
四平市,铁东区
四平市,梨树县
四平市,伊通满族自治县
辽源市,辽源市
辽源市,龙山区
辽源市,西安区
辽源市,东丰县
辽源市,东辽县
通化市,通化市
通化市,东昌区
通化市,二道江区
通化市,通化县
通化市,辉南县
通化市,柳河县
白山市,白山市
白山市,浑江区
白山市,江源区
白山市,抚松县
白山市,靖宇县
白山市,长白朝鲜族自治县
松原市,松原市
松原市,宁江区
松原市,前郭尔罗斯蒙古族自治县
松原市,长岭县
松原市,乾安县
白城市,白城市
白城市,洮北区
白城市,镇赉县
白城市,通榆县
鸡西市,鸡西市
鸡西市,鸡冠区
鸡西市,恒山区
鸡西市,滴道区
鸡西市,梨树区
鸡西市,城子河区
鸡西市,麻山区
鸡西市,鸡东县
鹤岗市,鹤岗市
鹤岗市,向阳区
鹤岗市,工农区
鹤岗市,南山区
鹤岗市,兴安区
鹤岗市,东山区
鹤岗市,兴山区
鹤岗市,萝北县
鹤岗市,绥滨县
双鸭山市,双鸭山市
双鸭山市,尖山区
双鸭山市,岭东区
双鸭山市,四方台区
双鸭山市,宝山区
双鸭山市,集贤县
双鸭山市,友谊县
双鸭山市,宝清县
双鸭山市,饶河县
佳木斯市,佳木斯市
佳木斯市,向阳区
佳木斯市,前进区
佳木斯市,东风区
佳木斯市,郊区
佳木斯市,桦南县
佳木斯市,桦川县
佳木斯市,汤原县
佳木斯市,抚远县
七台河市,七台河市
七台河市,新兴区
七台河市,桃山区
七台河市,茄子河区
七台河市,勃利县
牡丹江市,牡丹江市
牡丹江市,东安区
牡丹江市,阳明区
牡丹江市,爱民区
牡丹江市,西安区
牡丹江市,东宁县
牡丹江市,林口县
黑河市,黑河市
黑河市,爱辉区
黑河市,嫩江县
黑河市,逊克县
黑河市,孙吴县
绥化市,绥化市
绥化市,北林区
绥化市,望奎县
绥化市,兰西县
绥化市,青冈县
绥化市,庆安县
绥化市,明水县
绥化市,绥棱县
连云港市,连云港市
连云港市,连云区
连云港市,新浦区
连云港市,海州区
连云港市,赣榆县
连云港市,东海县
连云港市,灌云县
连云港市,灌南县
淮安市,淮安市
淮安市,清河区
淮安市,淮安区
淮安市,淮阴区
淮安市,清浦区
淮安市,涟水县
淮安市,洪泽县
淮安市,盱眙县
淮安市,金湖县
盐城市,盐城市
盐城市,亭湖区
盐城市,盐都区
盐城市,响水县
盐城市,滨海县
盐城市,阜宁县
盐城市,射阳县
盐城市,建湖县
镇江市,镇江市
镇江市,京口区
镇江市,润州区
镇江市,丹徒区
泰州市,泰州市
泰州市,海陵区
泰州市,高港区
泰州市,姜堰区
宿迁市,宿迁市
宿迁市,宿城区
宿迁市,宿豫区
宿迁市,沭阳县
宿迁市,泗阳县
宿迁市,泗洪县
宿迁市,浙江省
嘉兴市,嘉兴市
嘉兴市,南湖区
嘉兴市,秀洲区
嘉兴市,嘉善县
嘉兴市,海盐县
湖州市,湖州市
湖州市,吴兴区
湖州市,南浔区
湖州市,德清县
湖州市,长兴县
湖州市,安吉县
绍兴市,绍兴市
绍兴市,越城区
绍兴市,绍兴县
绍兴市,新昌县
金华市,金华市
金华市,婺城区
金华市,金东区
金华市,武义县
金华市,浦江县
金华市,磐安县
衢州市,衢州市
衢州市,柯城区
衢州市,衢江区
衢州市,常山县
衢州市,开化县
衢州市,龙游县
舟山市,舟山市
舟山市,定海区
舟山市,普陀区
舟山市,岱山县
舟山市,嵊泗县
台州市,台州市
台州市,椒江区
台州市,黄岩区
台州市,路桥区
台州市,玉环县
台州市,三门县
台州市,天台县
台州市,仙居县
丽水市,丽水市
丽水市,莲都区
丽水市,青田县
丽水市,缙云县
丽水市,遂昌县
丽水市,松阳县
丽水市,云和县
丽水市,庆元县
丽水市,景宁畲族自治县
淮南市,淮南市
淮南市,大通区
淮南市,田家庵区
淮南市,谢家集区
淮南市,八公山区
淮南市,潘集区
淮南市,凤台县
马鞍山市,马鞍山市
马鞍山市,花山区
马鞍山市,雨山区
马鞍山市,博望区
马鞍山市,当涂县
马鞍山市,含山县
马鞍山市,和县
淮北市,淮北市
淮北市,杜集区
淮北市,相山区
淮北市,烈山区
淮北市,濉溪县
铜陵市,铜陵市
铜陵市,铜官山区
铜陵市,狮子山区
铜陵市,郊区
铜陵市,铜陵县
安庆市,安庆市
安庆市,迎江区
安庆市,大观区
安庆市,宜秀区
安庆市,怀宁县
安庆市,枞阳县
安庆市,潜山县
安庆市,太湖县
安庆市,宿松县
安庆市,望江县
安庆市,岳西县
黄山市,黄山市
黄山市,屯溪区
黄山市,黄山区
黄山市,徽州区
黄山市,歙县
黄山市,休宁县
黄山市,黟县
黄山市,祁门县
滁州市,滁州市
滁州市,琅琊区
滁州市,南谯区
滁州市,来安县
滁州市,全椒县
滁州市,定远县
滁州市,凤阳县
阜阳市,阜阳市
阜阳市,颍州区
阜阳市,颍东区
阜阳市,颍泉区
阜阳市,临泉县
阜阳市,太和县
阜阳市,阜南县
阜阳市,颍上县
宿州市,宿州市
宿州市,埇桥区
宿州市,砀山县
宿州市,萧县
宿州市,灵璧县
宿州市,泗县
巢湖市,巢湖市
六安市,六安市
六安市,金安区
六安市,裕安区
六安市,寿县
六安市,霍邱县
六安市,舒城县
六安市,金寨县
六安市,霍山县
亳州市,亳州市
亳州市,谯城区
亳州市,涡阳县
亳州市,蒙城县
亳州市,利辛县
池州市,池州市
池州市,贵池区
池州市,东至县
池州市,石台县
池州市,青阳县
宣城市,宣城市
宣城市,宣州区
宣城市,郎溪县
宣城市,广德县
宣城市,泾县
宣城市,绩溪县
宣城市,旌德县
莆田市,莆田市
莆田市,城厢区
莆田市,涵江区
莆田市,荔城区
莆田市,秀屿区
莆田市,仙游县
三明市,三明市
三明市,梅列区
三明市,三元区
三明市,明溪县
三明市,清流县
三明市,宁化县
三明市,大田县
三明市,尤溪县
三明市,沙县
三明市,将乐县
三明市,泰宁县
三明市,建宁县
漳州市,漳州市
漳州市,芗城区
漳州市,龙文区
漳州市,云霄县
漳州市,漳浦县
漳州市,诏安县
漳州市,长泰县
漳州市,东山县
漳州市,南靖县
漳州市,平和县
漳州市,华安县
南平市,南平市
南平市,延平区
南平市,顺昌县
南平市,浦城县
南平市,光泽县
南平市,松溪县
南平市,政和县
龙岩市,龙岩市
龙岩市,新罗区
龙岩市,长汀县
龙岩市,永定县
龙岩市,上杭县
龙岩市,武平县
龙岩市,连城县
宁德市,宁德市
宁德市,蕉城区
宁德市,霞浦县
宁德市,古田县
宁德市,屏南县
宁德市,寿宁县
宁德市,周宁县
宁德市,柘荣县
景德镇市,景德镇市
景德镇市,昌江区
景德镇市,珠山区
景德镇市,浮梁县
萍乡市,萍乡市
萍乡市,安源区
萍乡市,湘东区
萍乡市,莲花县
萍乡市,上栗县
萍乡市,芦溪县
新余市,新余市
新余市,渝水区
新余市,分宜县
鹰潭市,鹰潭市
鹰潭市,月湖区
鹰潭市,余江县
赣州市,赣州市
赣州市,章贡区
赣州市,赣县
赣州市,信丰县
赣州市,大余县
赣州市,上犹县
赣州市,崇义县
赣州市,安远县
赣州市,龙南县
赣州市,定南县
赣州市,全南县
赣州市,宁都县
赣州市,于都县
赣州市,兴国县
赣州市,会昌县
赣州市,寻乌县
赣州市,石城县
吉安市,吉安市
吉安市,吉州区
吉安市,青原区
吉安市,吉安县
吉安市,吉水县
吉安市,峡江县
吉安市,新干县
吉安市,永丰县
吉安市,泰和县
吉安市,遂川县
吉安市,万安县
吉安市,安福县
吉安市,永新县
宜春市,宜春市
宜春市,袁州区
宜春市,奉新县
宜春市,万载县
宜春市,上高县
宜春市,宜丰县
宜春市,靖安县
宜春市,铜鼓县
抚州市,抚州市
抚州市,临川区
抚州市,南城县
抚州市,黎川县
抚州市,南丰县
抚州市,崇仁县
抚州市,乐安县
抚州市,宜黄县
抚州市,金溪县
抚州市,资溪县
抚州市,东乡县
抚州市,广昌县
上饶市,上饶市
上饶市,信州区
上饶市,上饶县
上饶市,广丰县
上饶市,玉山县
上饶市,铅山县
上饶市,横峰县
上饶市,弋阳县
上饶市,余干县
上饶市,鄱阳县
上饶市,万年县
上饶市,婺源县
枣庄市,枣庄市
枣庄市,市中区
枣庄市,薛城区
枣庄市,峄城区
枣庄市,台儿庄区
枣庄市,山亭区
东营市,东营市
东营市,东营区
东营市,河口区
东营市,垦利县
东营市,利津县
东营市,广饶县
潍坊市,潍坊市
潍坊市,潍城区
潍坊市,寒亭区
潍坊市,坊子区
潍坊市,奎文区
潍坊市,临朐县
潍坊市,昌乐县
济宁市,济宁市
济宁市,市中区
济宁市,任城区
济宁市,微山县
济宁市,鱼台县
济宁市,金乡县
济宁市,嘉祥县
济宁市,汶上县
济宁市,泗水县
济宁市,梁山县
泰安市,泰安市
泰安市,泰山区
泰安市,岱岳区
泰安市,宁阳县
泰安市,东平县
威海市,威海市
威海市,环翠区
日照市,日照市
日照市,东港区
日照市,岚山区
日照市,五莲县
日照市,莒县
莱芜市,莱芜市
莱芜市,莱城区
莱芜市,钢城区
临沂市,临沂市
临沂市,兰山区
临沂市,罗庄区
临沂市,河东区
临沂市,沂南县
临沂市,郯城县
临沂市,沂水县
临沂市,苍山县
临沂市,费县
临沂市,平邑县
临沂市,莒南县
临沂市,蒙阴县
临沂市,临沭县
德州市,德州市
德州市,德城区
德州市,陵县
德州市,宁津县
德州市,庆云县
德州市,临邑县
德州市,齐河县
德州市,平原县
德州市,夏津县
德州市,武城县
聊城市,聊城市
聊城市,东昌府区
聊城市,阳谷县
聊城市,莘县
聊城市,茌平县
聊城市,东阿县
聊城市,冠县
聊城市,高唐县
滨州市,滨州市
滨州市,滨城区
滨州市,惠民县
滨州市,阳信县
滨州市,无棣县
滨州市,沾化县
滨州市,博兴县
滨州市,邹平县
菏泽市,菏泽市
菏泽市,牡丹区
菏泽市,曹县
菏泽市,单县
菏泽市,成武县
菏泽市,巨野县
菏泽市,郓城县
菏泽市,鄄城县
菏泽市,定陶县
菏泽市,东明县
菏泽市,河南省
开封市,开封市
开封市,龙亭区
开封市,顺河回族区
开封市,鼓楼区
开封市,禹王台区
开封市,金明区
开封市,杞县
开封市,通许县
开封市,尉氏县
开封市,开封县
开封市,兰考县
洛阳市,洛阳市
洛阳市,老城区
洛阳市,西工区
洛阳市,瀍河回族区
洛阳市,涧西区
洛阳市,吉利区
洛阳市,洛龙区
洛阳市,孟津县
洛阳市,新安县
洛阳市,栾川县
洛阳市,嵩县
洛阳市,汝阳县
洛阳市,宜阳县
洛阳市,洛宁县
洛阳市,伊川县
平顶山市,平顶山市
平顶山市,新华区
平顶山市,卫东区
平顶山市,石龙区
平顶山市,湛河区
平顶山市,宝丰县
平顶山市,叶县
平顶山市,鲁山县
平顶山市,郏县
安阳市,安阳市
安阳市,文峰区
安阳市,北关区
安阳市,殷都区
安阳市,龙安区
安阳市,安阳县
安阳市,汤阴县
安阳市,滑县
安阳市,内黄县
鹤壁市,鹤壁市
鹤壁市,鹤山区
鹤壁市,山城区
鹤壁市,淇滨区
鹤壁市,浚县
鹤壁市,淇县
濮阳市,濮阳市
濮阳市,华龙区
濮阳市,清丰县
濮阳市,南乐县
濮阳市,范县
濮阳市,台前县
濮阳市,濮阳县
许昌市,许昌市
许昌市,魏都区
许昌市,许昌县
许昌市,鄢陵县
许昌市,襄城县
漯河市,漯河市
漯河市,源汇区
漯河市,郾城区
漯河市,召陵区
漯河市,舞阳县
漯河市,临颍县
三门峡市,三门峡市
三门峡市,湖滨区
三门峡市,渑池县
三门峡市,陕县
三门峡市,卢氏县
南阳市,南阳市
南阳市,宛城区
南阳市,卧龙区
南阳市,南召县
南阳市,方城县
南阳市,西峡县
南阳市,镇平县
南阳市,内乡县
南阳市,淅川县
南阳市,社旗县
南阳市,唐河县
南阳市,新野县
南阳市,桐柏县
商丘市,商丘市
商丘市,梁园区
商丘市,睢阳区
商丘市,民权县
商丘市,睢县
商丘市,宁陵县
商丘市,柘城县
商丘市,虞城县
商丘市,夏邑县
信阳市,信阳市
信阳市,浉河区
信阳市,平桥区
信阳市,罗山县
信阳市,光山县
信阳市,新县
信阳市,商城县
信阳市,固始县
信阳市,潢川县
信阳市,淮滨县
信阳市,息县
周口市,周口市
周口市,川汇区
周口市,扶沟县
周口市,西华县
周口市,商水县
周口市,沈丘县
周口市,郸城县
周口市,淮阳县
周口市,太康县
周口市,鹿邑县
驻马店市,驻马店市
驻马店市,驿城区
驻马店市,西平县
驻马店市,上蔡县
驻马店市,平舆县
驻马店市,正阳县
驻马店市,确山县
驻马店市,泌阳县
驻马店市,汝南县
驻马店市,遂平县
驻马店市,新蔡县
驻马店市,省直辖县级行政区划
济源市,济源市
济源市,湖北省
黄石市,黄石市
黄石市,黄石港区
黄石市,西塞山区
黄石市,下陆区
黄石市,铁山区
黄石市,阳新县
十堰市,十堰市
十堰市,茅箭区
十堰市,张湾区
十堰市,郧县
十堰市,郧西县
十堰市,竹山县
十堰市,竹溪县
十堰市,房县
宜昌市,宜昌市
宜昌市,西陵区
宜昌市,伍家岗区
宜昌市,点军区
宜昌市,猇亭区
宜昌市,夷陵区
宜昌市,远安县
宜昌市,兴山县
宜昌市,秭归县
宜昌市,长阳土家族自治县
宜昌市,五峰土家族自治县
襄阳市,襄阳市
襄阳市,襄城区
襄阳市,樊城区
襄阳市,襄州区
襄阳市,南漳县
襄阳市,谷城县
襄阳市,保康县
鄂州市,鄂州市
鄂州市,梁子湖区
鄂州市,华容区
鄂州市,鄂城区
荆门市,荆门市
荆门市,东宝区
荆门市,掇刀区
荆门市,京山县
荆门市,沙洋县
孝感市,孝感市
孝感市,孝南区
孝感市,孝昌县
孝感市,大悟县
孝感市,云梦县
荆州市,荆州市
荆州市,沙市区
荆州市,荆州区
荆州市,公安县
荆州市,监利县
荆州市,江陵县
黄冈市,黄冈市
黄冈市,黄州区
黄冈市,团风县
黄冈市,红安县
黄冈市,罗田县
黄冈市,英山县
黄冈市,浠水县
黄冈市,蕲春县
黄冈市,黄梅县
咸宁市,咸宁市
咸宁市,咸安区
咸宁市,嘉鱼县
咸宁市,通城县
咸宁市,崇阳县
咸宁市,通山县
随州市,随州市
随州市,曾都区
随州市,随县
恩施市,恩施市
株洲市,株洲市
株洲市,荷塘区
株洲市,芦淞区
株洲市,石峰区
株洲市,天元区
株洲市,株洲县
株洲市,攸县
株洲市,茶陵县
株洲市,炎陵县
湘潭市,湘潭市
湘潭市,雨湖区
湘潭市,岳塘区
湘潭市,湘潭县
衡阳市,衡阳市
衡阳市,珠晖区
衡阳市,雁峰区
衡阳市,石鼓区
衡阳市,蒸湘区
衡阳市,南岳区
衡阳市,衡阳县
衡阳市,衡南县
衡阳市,衡山县
衡阳市,衡东县
衡阳市,祁东县
邵阳市,邵阳市
邵阳市,双清区
邵阳市,大祥区
邵阳市,北塔区
邵阳市,邵东县
邵阳市,新邵县
邵阳市,邵阳县
邵阳市,隆回县
邵阳市,洞口县
邵阳市,绥宁县
邵阳市,新宁县
邵阳市,城步苗族自治县
岳阳市,岳阳市
岳阳市,岳阳楼区
岳阳市,云溪区
岳阳市,君山区
岳阳市,岳阳县
岳阳市,华容县
岳阳市,湘阴县
岳阳市,平江县
常德市,常德市
常德市,武陵区
常德市,鼎城区
常德市,安乡县
常德市,汉寿县
常德市,澧县
常德市,临澧县
常德市,桃源县
常德市,石门县
张家界市,张家界市
张家界市,永定区
张家界市,武陵源区
张家界市,慈利县
张家界市,桑植县
益阳市,益阳市
益阳市,资阳区
益阳市,赫山区
益阳市,南县
益阳市,桃江县
益阳市,安化县
郴州市,郴州市
郴州市,北湖区
郴州市,苏仙区
郴州市,桂阳县
郴州市,宜章县
郴州市,永兴县
郴州市,嘉禾县
郴州市,临武县
郴州市,汝城县
郴州市,桂东县
郴州市,安仁县
永州市,永州市
永州市,零陵区
永州市,冷水滩区
永州市,祁阳县
永州市,东安县
永州市,双牌县
永州市,道县
永州市,江永县
永州市,宁远县
永州市,蓝山县
永州市,新田县
永州市,江华瑶族自治县
怀化市,怀化市
怀化市,鹤城区
怀化市,中方县
怀化市,沅陵县
怀化市,辰溪县
怀化市,溆浦县
怀化市,会同县
怀化市,麻阳苗族自治县
怀化市,新晃侗族自治县
怀化市,芷江侗族自治县
怀化市,靖州苗族侗族自治县
怀化市,通道侗族自治县
娄底市,娄底市
娄底市,娄星区
娄底市,双峰县
娄底市,新化县
韶关市,韶关市
韶关市,武江区
韶关市,浈江区
韶关市,曲江区
韶关市,始兴县
韶关市,仁化县
韶关市,翁源县
韶关市,乳源瑶族自治县
韶关市,新丰县
江门市,江门市
江门市,蓬江区
江门市,江海区
江门市,新会区
湛江市,湛江市
湛江市,赤坎区
湛江市,霞山区
湛江市,坡头区
湛江市,麻章区
湛江市,遂溪县
湛江市,徐闻县
茂名市,茂名市
茂名市,茂南区
茂名市,茂港区
茂名市,电白县
肇庆市,肇庆市
肇庆市,端州区
肇庆市,鼎湖区
肇庆市,广宁县
肇庆市,怀集县
肇庆市,封开县
肇庆市,德庆县
惠州市,惠州市
惠州市,惠城区
惠州市,惠阳区
惠州市,博罗县
惠州市,惠东县
惠州市,龙门县
梅州市,梅州市
梅州市,梅江区
梅州市,梅县
梅州市,大埔县
梅州市,丰顺县
梅州市,五华县
梅州市,平远县
梅州市,蕉岭县
汕尾市,汕尾市
汕尾市,城区
汕尾市,海丰县
汕尾市,陆河县
河源市,河源市
河源市,源城区
河源市,紫金县
河源市,龙川县
河源市,连平县
河源市,和平县
河源市,东源县
阳江市,阳江市
阳江市,江城区
阳江市,阳西县
阳江市,阳东县
清远市,清远市
清远市,清城区
清远市,清新区
清远市,佛冈县
清远市,阳山县
清远市,连山壮族瑶族自治县
清远市,连南瑶族自治县
潮州市,潮州市
潮州市,湘桥区
潮州市,潮安区
潮州市,饶平县
揭阳市,揭阳市
揭阳市,榕城区
揭阳市,揭东区
揭阳市,揭西县
揭阳市,惠来县
云浮市,云浮市
云浮市,云城区
云浮市,新兴县
云浮市,郁南县
云浮市,云安县
柳州市,柳州市
柳州市,城中区
柳州市,鱼峰区
柳州市,柳南区
柳州市,柳北区
柳州市,柳江县
柳州市,柳城县
柳州市,鹿寨县
柳州市,融安县
柳州市,融水苗族自治县
柳州市,三江侗族自治县
梧州市,梧州市
梧州市,万秀区
梧州市,长洲区
梧州市,龙圩区
梧州市,苍梧县
梧州市,藤县
梧州市,蒙山县
北海市,北海市
北海市,海城区
北海市,银海区
北海市,铁山港区
北海市,合浦县
防城港市,防城港市
防城港市,港口区
防城港市,防城区
防城港市,上思县
钦州市,钦州市
钦州市,钦南区
钦州市,钦北区
钦州市,灵山县
钦州市,浦北县
贵港市,贵港市
贵港市,港北区
贵港市,港南区
贵港市,覃塘区
贵港市,平南县
玉林市,玉林市
玉林市,玉州区
玉林市,福绵区
玉林市,容县
玉林市,陆川县
玉林市,博白县
玉林市,兴业县
百色市,百色市
百色市,右江区
百色市,田阳县
百色市,田东县
百色市,平果县
百色市,德保县
百色市,靖西县
百色市,那坡县
百色市,凌云县
百色市,乐业县
百色市,田林县
百色市,西林县
百色市,隆林各族自治县
贺州市,贺州市
贺州市,八步区
贺州市,昭平县
贺州市,钟山县
贺州市,富川瑶族自治县
河池市,河池市
河池市,金城江区
河池市,南丹县
河池市,天峨县
河池市,凤山县
河池市,东兰县
河池市,罗城仫佬族自治县
河池市,环江毛南族自治县
河池市,巴马瑶族自治县
河池市,都安瑶族自治县
河池市,大化瑶族自治县
来宾市,来宾市
来宾市,兴宾区
来宾市,忻城县
来宾市,象州县
来宾市,武宣县
来宾市,金秀瑶族自治县
崇左市,崇左市
崇左市,江州区
崇左市,扶绥县
崇左市,宁明县
崇左市,龙州县
崇左市,大新县
崇左市,天等县
自贡市,自贡市
自贡市,自流井区
自贡市,贡井区
自贡市,大安区
自贡市,沿滩区
自贡市,荣县
自贡市,富顺县
攀枝花市,攀枝花市
攀枝花市,东区
攀枝花市,西区
攀枝花市,仁和区
攀枝花市,米易县
攀枝花市,盐边县
泸州市,泸州市
泸州市,江阳区
泸州市,纳溪区
泸州市,龙马潭区
泸州市,泸县
泸州市,合江县
泸州市,叙永县
泸州市,古蔺县
德阳市,德阳市
德阳市,旌阳区
德阳市,中江县
德阳市,罗江县
绵阳市,绵阳市
绵阳市,涪城区
绵阳市,游仙区
绵阳市,三台县
绵阳市,盐亭县
绵阳市,安县
绵阳市,梓潼县
绵阳市,北川羌族自治县
绵阳市,平武县
广元市,广元市
广元市,利州区
广元市,元坝区
广元市,朝天区
广元市,旺苍县
广元市,青川县
广元市,剑阁县
广元市,苍溪县
遂宁市,遂宁市
遂宁市,船山区
遂宁市,安居区
遂宁市,蓬溪县
遂宁市,射洪县
遂宁市,大英县
内江市,内江市
内江市,市中区
内江市,东兴区
内江市,威远县
内江市,资中县
内江市,隆昌县
乐山市,乐山市
乐山市,市中区
乐山市,沙湾区
乐山市,五通桥区
乐山市,金口河区
乐山市,犍为县
乐山市,井研县
乐山市,夹江县
乐山市,沐川县
乐山市,峨边彝族自治县
乐山市,马边彝族自治县
南充市,南充市
南充市,顺庆区
南充市,高坪区
南充市,嘉陵区
南充市,南部县
南充市,营山县
南充市,蓬安县
南充市,仪陇县
南充市,西充县
眉山市,眉山市
眉山市,东坡区
眉山市,仁寿县
眉山市,彭山县
眉山市,洪雅县
眉山市,丹棱县
眉山市,青神县
宜宾市,宜宾市
宜宾市,翠屏区
宜宾市,南溪区
宜宾市,宜宾县
宜宾市,江安县
宜宾市,长宁县
宜宾市,高县
宜宾市,珙县
宜宾市,筠连县
宜宾市,兴文县
宜宾市,屏山县
广安市,广安市
广安市,广安区
广安市,前锋区
广安市,岳池县
广安市,武胜县
广安市,邻水县
达州市,达州市
达州市,通川区
达州市,达川区
达州市,宣汉县
达州市,开江县
达州市,大竹县
达州市,渠县
雅安市,雅安市
雅安市,雨城区
雅安市,名山区
雅安市,荥经县
雅安市,汉源县
雅安市,石棉县
雅安市,天全县
雅安市,芦山县
雅安市,宝兴县
巴中市,巴中市
巴中市,巴州区
巴中市,恩阳区
巴中市,通江县
巴中市,南江县
巴中市,平昌县
资阳市,资阳市
资阳市,雁江区
资阳市,安岳县
资阳市,乐至县
六盘水市,六盘水市
六盘水市,钟山区
六盘水市,六枝特区
六盘水市,水城县
六盘水市,盘县
遵义市,遵义市
遵义市,红花岗区
遵义市,汇川区
遵义市,遵义县
遵义市,桐梓县
遵义市,绥阳县
遵义市,正安县
遵义市,道真仡佬族苗族自治县
遵义市,务川仡佬族苗族自治县
遵义市,凤冈县
遵义市,湄潭县
遵义市,余庆县
遵义市,习水县
安顺市,安顺市
安顺市,西秀区
安顺市,平坝县
安顺市,普定县
安顺市,镇宁布依族苗族自治县
安顺市,关岭布依族苗族自治县
安顺市,紫云苗族布依族自治县
铜仁市,铜仁市
铜仁市,碧江区
铜仁市,万山区
铜仁市,江口县
铜仁市,玉屏侗族自治县
铜仁市,石阡县
铜仁市,思南县
铜仁市,印江土家族苗族自治县
铜仁市,德江县
铜仁市,沿河土家族自治县
铜仁市,松桃苗族自治县
铜仁市,黔西南布依族苗族自治州
毕节市,毕节市
毕节市,七星关区
毕节市,大方县
毕节市,黔西县
毕节市,金沙县
毕节市,织金县
毕节市,纳雍县
毕节市,威宁彝族回族苗族自治县
毕节市,赫章县
曲靖市,曲靖市
曲靖市,麒麟区
曲靖市,马龙县
曲靖市,陆良县
曲靖市,师宗县
曲靖市,罗平县
曲靖市,富源县
曲靖市,会泽县
曲靖市,沾益县
玉溪市,玉溪市
玉溪市,红塔区
玉溪市,江川县
玉溪市,澄江县
玉溪市,通海县
玉溪市,华宁县
玉溪市,易门县
玉溪市,峨山彝族自治县
玉溪市,新平彝族傣族自治县
玉溪市,元江哈尼族彝族傣族自治县
保山市,保山市
保山市,隆阳区
保山市,施甸县
保山市,腾冲县
保山市,龙陵县
保山市,昌宁县
昭通市,昭通市
昭通市,昭阳区
昭通市,鲁甸县
昭通市,巧家县
昭通市,盐津县
昭通市,大关县
昭通市,永善县
昭通市,绥江县
昭通市,镇雄县
昭通市,彝良县
昭通市,威信县
昭通市,水富县
丽江市,丽江市
丽江市,古城区
丽江市,玉龙纳西族自治县
丽江市,永胜县
丽江市,华坪县
丽江市,宁蒗彝族自治县
普洱市,普洱市
普洱市,思茅区
普洱市,宁洱哈尼族彝族自治县
普洱市,墨江哈尼族自治县
普洱市,景东彝族自治县
普洱市,景谷傣族彝族自治县
普洱市,镇沅彝族哈尼族拉祜族自治县
普洱市,江城哈尼族彝族自治县
普洱市,孟连傣族拉祜族佤族自治县
普洱市,澜沧拉祜族自治县
普洱市,西盟佤族自治县
临沧市,临沧市
临沧市,临翔区
临沧市,凤庆县
临沧市,云县
临沧市,永德县
临沧市,镇康县
临沧市,双江拉祜族佤族布朗族傣族自治县
临沧市,耿马傣族佤族自治县
临沧市,沧源佤族自治县
临沧市,楚雄彝族自治州
楚雄市,楚雄市
楚雄市,双柏县
楚雄市,牟定县
楚雄市,南华县
楚雄市,姚安县
楚雄市,大姚县
楚雄市,永仁县
楚雄市,元谋县
楚雄市,武定县
楚雄市,禄丰县
楚雄市,红河哈尼族彝族自治州
文山市,文山市
文山市,砚山县
文山市,西畴县
文山市,麻栗坡县
文山市,马关县
文山市,丘北县
文山市,广南县
文山市,富宁县
文山市,西双版纳傣族自治州
大理市,大理市
大理市,漾濞彝族自治县
大理市,祥云县
大理市,宾川县
大理市,弥渡县
大理市,南涧彝族自治县
大理市,巍山彝族回族自治县
大理市,永平县
大理市,云龙县
大理市,洱源县
大理市,剑川县
大理市,鹤庆县
大理市,德宏傣族景颇族自治州
拉萨市,拉萨市
拉萨市,城关区
拉萨市,林周县
拉萨市,当雄县
拉萨市,尼木县
拉萨市,曲水县
拉萨市,堆龙德庆县
拉萨市,达孜县
拉萨市,墨竹工卡县
拉萨市,昌都地区
拉萨市,昌都县
拉萨市,江达县
拉萨市,贡觉县
拉萨市,类乌齐县
拉萨市,丁青县
拉萨市,察雅县
拉萨市,八宿县
拉萨市,左贡县
拉萨市,芒康县
拉萨市,洛隆县
拉萨市,边坝县
拉萨市,山南地区
拉萨市,乃东县
拉萨市,扎囊县
拉萨市,贡嘎县
拉萨市,桑日县
拉萨市,琼结县
拉萨市,曲松县
拉萨市,措美县
拉萨市,洛扎县
拉萨市,加查县
拉萨市,隆子县
拉萨市,错那县
拉萨市,浪卡子县
拉萨市,日喀则地区
铜川市,铜川市
铜川市,王益区
铜川市,印台区
铜川市,耀州区
铜川市,宜君县
宝鸡市,宝鸡市
宝鸡市,渭滨区
宝鸡市,金台区
宝鸡市,陈仓区
宝鸡市,凤翔县
宝鸡市,岐山县
宝鸡市,扶风县
宝鸡市,眉县
宝鸡市,陇县
宝鸡市,千阳县
宝鸡市,麟游县
宝鸡市,凤县
宝鸡市,太白县
咸阳市,咸阳市
咸阳市,秦都区
咸阳市,杨陵区
咸阳市,渭城区
咸阳市,三原县
咸阳市,泾阳县
咸阳市,乾县
咸阳市,礼泉县
咸阳市,永寿县
咸阳市,彬县
咸阳市,长武县
咸阳市,旬邑县
咸阳市,淳化县
咸阳市,武功县
渭南市,渭南市
渭南市,临渭区
渭南市,华县
渭南市,潼关县
渭南市,大荔县
渭南市,合阳县
渭南市,澄城县
渭南市,蒲城县
渭南市,白水县
渭南市,富平县
延安市,延安市
延安市,宝塔区
延安市,延长县
延安市,延川县
延安市,子长县
延安市,安塞县
延安市,志丹县
延安市,吴起县
延安市,甘泉县
延安市,富县
延安市,洛川县
延安市,宜川县
延安市,黄龙县
延安市,黄陵县
汉中市,汉中市
汉中市,汉台区
汉中市,南郑县
汉中市,城固县
汉中市,洋县
汉中市,西乡县
汉中市,勉县
汉中市,宁强县
汉中市,略阳县
汉中市,镇巴县
汉中市,留坝县
汉中市,佛坪县
榆林市,榆林市
榆林市,榆阳区
榆林市,神木县
榆林市,府谷县
榆林市,横山县
榆林市,靖边县
榆林市,定边县
榆林市,绥德县
榆林市,米脂县
榆林市,佳县
榆林市,吴堡县
榆林市,清涧县
榆林市,子洲县
安康市,安康市
安康市,汉滨区
安康市,汉阴县
安康市,石泉县
安康市,宁陕县
安康市,紫阳县
安康市,岚皋县
安康市,平利县
安康市,镇坪县
安康市,旬阳县
安康市,白河县
商洛市,商洛市
商洛市,商州区
商洛市,洛南县
商洛市,丹凤县
商洛市,商南县
商洛市,山阳县
商洛市,镇安县
商洛市,柞水县
商洛市,甘肃省
兰州市,兰州市
兰州市,城关区
兰州市,七里河区
兰州市,西固区
兰州市,安宁区
兰州市,红古区
兰州市,永登县
兰州市,皋兰县
兰州市,榆中县
金昌市,金昌市
金昌市,金川区
金昌市,永昌县
白银市,白银市
白银市,白银区
白银市,平川区
白银市,靖远县
白银市,会宁县
白银市,景泰县
天水市,天水市
天水市,秦州区
天水市,麦积区
天水市,清水县
天水市,秦安县
天水市,甘谷县
天水市,武山县
天水市,张家川回族自治县
武威市,武威市
武威市,凉州区
武威市,民勤县
武威市,古浪县
武威市,天祝藏族自治县
张掖市,张掖市
张掖市,甘州区
张掖市,肃南裕固族自治县
张掖市,民乐县
张掖市,临泽县
张掖市,高台县
张掖市,山丹县
平凉市,平凉市
平凉市,崆峒区
平凉市,泾川县
平凉市,灵台县
平凉市,崇信县
平凉市,华亭县
平凉市,庄浪县
平凉市,静宁县
酒泉市,酒泉市
酒泉市,肃州区
酒泉市,金塔县
酒泉市,瓜州县
酒泉市,肃北蒙古族自治县
酒泉市,阿克塞哈萨克族自治县
庆阳市,庆阳市
庆阳市,西峰区
庆阳市,庆城县
庆阳市,环县
庆阳市,华池县
庆阳市,合水县
庆阳市,正宁县
庆阳市,宁县
庆阳市,镇原县
定西市,定西市
定西市,安定区
定西市,通渭县
定西市,陇西县
定西市,渭源县
定西市,临洮县
定西市,漳县
定西市,岷县
临夏市,临夏市
临夏市,临夏县
临夏市,康乐县
临夏市,永靖县
临夏市,广河县
临夏市,和政县
临夏市,东乡族自治县
临夏市,积石山保安族东乡族撒拉族自治县
临夏市,甘南藏族自治州
西宁市,西宁市
西宁市,城东区
西宁市,城中区
西宁市,城西区
西宁市,城北区
西宁市,大通回族土族自治县
西宁市,湟中县
西宁市,湟源县
海东市,海东市
海东市,乐都区
海东市,平安县
海东市,民和回族土族自治县
海东市,互助土族自治县
海东市,化隆回族自治县
海东市,循化撒拉族自治县
海东市,海北藏族自治州
海东市,门源回族自治县
海东市,祁连县
海东市,海晏县
海东市,刚察县
海东市,黄南藏族自治州
海东市,同仁县
海东市,尖扎县
海东市,泽库县
海东市,河南蒙古族自治县
海东市,海南藏族自治州
海东市,共和县
海东市,同德县
海东市,贵德县
海东市,兴海县
海东市,贵南县
海东市,果洛藏族自治州
海东市,玛沁县
海东市,班玛县
海东市,甘德县
海东市,达日县
海东市,久治县
海东市,玛多县
海东市,玉树藏族自治州
银川市,银川市
银川市,兴庆区
银川市,西夏区
银川市,金凤区
银川市,永宁县
银川市,贺兰县
石嘴山市,石嘴山市
石嘴山市,大武口区
石嘴山市,惠农区
石嘴山市,平罗县
吴忠市,吴忠市
吴忠市,利通区
吴忠市,红寺堡区
吴忠市,盐池县
吴忠市,同心县
固原市,固原市
固原市,原州区
固原市,西吉县
固原市,隆德县
固原市,泾源县
固原市,彭阳县
中卫市,中卫市
中卫市,沙坡头区
中卫市,中宁县
中卫市,海原县
中卫市,新疆维吾尔自治区
乌鲁木齐市,乌鲁木齐市
乌鲁木齐市,天山区
乌鲁木齐市,沙依巴克区
乌鲁木齐市,新市区
乌鲁木齐市,水磨沟区
乌鲁木齐市,头屯河区
乌鲁木齐市,达坂城区
乌鲁木齐市,米东区
乌鲁木齐市,乌鲁木齐县
克拉玛依市,克拉玛依市
克拉玛依市,独山子区
克拉玛依市,克拉玛依区
克拉玛依市,白碱滩区
克拉玛依市,乌尔禾区
克拉玛依市,吐鲁番地区
哈密市,哈密市
哈密市,巴里坤哈萨克自治县
哈密市,伊吾县
哈密市,昌吉回族自治州
昌吉市,昌吉市
阿克苏市,阿克苏市
阿克苏市,温宿县
阿克苏市,库车县
阿克苏市,沙雅县
阿克苏市,新和县
阿克苏市,拜城县
阿克苏市,乌什县
阿克苏市,阿瓦提县
阿克苏市,柯坪县
阿克苏市,克孜勒苏柯尔克孜自治州
昆山市,昆山市
江阴市,江阴市
义乌市,义乌市
石河子市,石河子市
嘉峪关市,嘉峪关市
仙桃市,仙桃市
富阳市,富阳市
峨眉山市,峨眉山市
琼海市,琼海市
张家港市,张家港市
晋江市,晋江市
从化市,从化市
常熟市,常熟市
海宁市,海宁市
桐乡市,桐乡市
涿州市,涿州市
迁安市,迁安市
丹阳市,丹阳市
太仓市,太仓市
靖江市,靖江市
石狮市,石狮市
武安市,武安市
溧阳市,溧阳市
慈溪市,慈溪市
兖州市,兖州市
宜兴市,宜兴市
东阳市,东阳市
上虞市,上虞市
温岭市,温岭市
永康市,永康市
余姚市,余姚市
金坛市,金坛市
临海市,临海市
福清市,福清市
章丘市,章丘市
诸暨市,诸暨市
瑞安市,瑞安市
乐清市,乐清市
增城市,增城市
仁怀市,仁怀市
兰溪市,兰溪市
大丰市,大丰市
东台市,东台市
当阳市,当阳市
龙口市,龙口市
邳州市,邳州市
枣阳市,枣阳市
寿光市,寿光市
青州市,青州市
荣成市,荣成市
文登市,文登市
乳山市,乳山市
启东市,启东市
如皋市,如皋市
开平市,开平市
台山市,台山市
鹤山市,鹤山市
桦甸市,桦甸市
海城市,海城市
耒阳市,耒阳市
江山市,江山市
乐昌市,乐昌市
英德市,英德市
句容市,句容市
兴化市,兴化市
泰兴市,泰兴市
海门市,海门市
高邮市,高邮市
仪征市,仪征市
新泰市,新泰市
平湖市,平湖市
诸城市,诸城市
昌邑市,昌邑市
偃师市,偃师市
莱州市,莱州市
嵊州市,嵊州市
临清市,临清市
三河市,三河市
东港市,东港市
奉化市,奉化市
临安市,临安市
辛集市,辛集市
晋州市,晋州市
肥城市,肥城市
普宁市,普宁市
新沂市,新沂市
滕州市,滕州市
潜江市,潜江市
登封市,登封市
巩义市,巩义市
新郑市,新郑市
新密市,新密市
荥阳市,荥阳市
庄河市,庄河市
扬中市,扬中市
莱阳市,莱阳市
兴宁市,兴宁市
华阴市,华阴市
吉首市,吉首市
吉首市,泸溪县
吉首市,凤凰县
吉首市,花垣县
吉首市,保靖县
吉首市,古丈县
吉首市,永顺县
吉首市,龙山县
吉首市,广东省
密山市,密山市
陆丰市,陆丰市
额尔古纳市,额尔古纳市
韶山市,韶山市
桂平市,桂平市
儋州市,儋州市
满洲里市,满洲里市
海阳市,海阳市
新民市,新民市
霸州市,霸州市
都江堰市,都江堰市
永城市,永城市
天门市,天门市
天门市,神农架林区
天门市,湖南省
侯马市,侯马市
项城市,项城市
公主岭市,公主岭市
平度市,平度市
胶州市,胶州市
梅河口市,梅河口市
彭州市,彭州市
招远市,招远市
蓬莱市,蓬莱市
安丘市,安丘市
高密市,高密市
汨罗市,汨罗市
遵化市,遵化市
吴川市,吴川市
广汉市,广汉市
建德市,建德市
藁城市,藁城市
灵宝市,灵宝市
永济市,永济市
河津市,河津市
大石桥市,大石桥市
大冶市,大冶市
高平市,高平市
库尔勒市,库尔勒市
库尔勒市,轮台县
库尔勒市,尉犁县
库尔勒市,若羌县
库尔勒市,且末县
库尔勒市,焉耆回族自治县
库尔勒市,和静县
库尔勒市,和硕县
库尔勒市,博湖县
库尔勒市,阿克苏地区
孝义市,孝义市
简阳市,简阳市
简阳市,阿坝藏族羌族自治州
简阳市,汶川县
简阳市,理县
简阳市,茂县
简阳市,松潘县
简阳市,九寨沟县
简阳市,金川县
简阳市,小金县
简阳市,黑水县
简阳市,马尔康县
简阳市,壤塘县
简阳市,阿坝县
简阳市,若尔盖县
简阳市,红原县
简阳市,甘孜藏族自治州
简阳市,康定县
简阳市,泸定县
简阳市,丹巴县
简阳市,九龙县
简阳市,雅江县
简阳市,道孚县
简阳市,炉霍县
简阳市,甘孜县
简阳市,新龙县
简阳市,德格县
简阳市,白玉县
简阳市,石渠县
简阳市,色达县
简阳市,理塘县
简阳市,巴塘县
简阳市,乡城县
简阳市,稻城县
简阳市,得荣县
简阳市,凉山彝族自治州
冷水江市,冷水江市
文昌市,文昌市
禹城市,禹城市
禹州市,禹州市
明光市,明光市
乐陵市,乐陵市
钟祥市,钟祥市
沙河市,沙河市
湘乡市,湘乡市
汝州市,汝州市
浏阳市,浏阳市
龙海市,龙海市
醴陵市,醴陵市
莱西市,莱西市
南安市,南安市
伊宁市,伊宁市
宜城市,宜城市
天长市,天长市
长葛市,长葛市
廉江市,廉江市
高碑店市,高碑店市
个旧市,个旧市
高州市,高州市
乐平市,乐平市
四会市,四会市
阆中市,阆中市
东兴市,东兴市
介休市,介休市
原平市,原平市
盖州市,盖州市
瑞金市,瑞金市
应城市,应城市
兴城市,兴城市
兴城市,吉林省
调兵山市,调兵山市
奎屯市,奎屯市
奎屯市,伊宁县
奎屯市,察布查尔锡伯自治县
奎屯市,霍城县
奎屯市,巩留县
奎屯市,新源县
奎屯市,昭苏县
奎屯市,特克斯县
奎屯市,尼勒克县
奎屯市,塔城地区
沁阳市,沁阳市
霍州市,霍州市
崇州市,崇州市
邛崃市,邛崃市
松滋市,松滋市
尚志市,尚志市
黄骅市,黄骅市
灯塔市,灯塔市
鹿泉市,鹿泉市
赤壁市,赤壁市
枝江市,枝江市
利川市,利川市
利川市,建始县
利川市,巴东县
利川市,宣恩县
利川市,咸丰县
利川市,来凤县
利川市,鹤峰县
利川市,省直辖县级行政区划
宜都市,宜都市
瑞昌市,瑞昌市
沅江市,沅江市
老河口市,老河口市
兴平市,兴平市
邓州市,邓州市
即墨市,即墨市
凤城市,凤城市
洮南市,洮南市
武穴市,武穴市
麻城市,麻城市
舒兰市,舒兰市
凌海市,凌海市
樟树市,樟树市
化州市,化州市
桐城市,桐城市
洪江市,洪江市
汾阳市,汾阳市
汾阳市,内蒙古自治区
集安市,集安市
万宁市,万宁市
北流市,北流市
讷河市,讷河市
连州市,连州市
舞钢市,舞钢市
海林市,海林市
东方市,东方市
东方市,定安县
东方市,屯昌县
东方市,澄迈县
东方市,临高县
东方市,白沙黎族自治县
东方市,昌江黎族自治县
东方市,乐东黎族自治县
东方市,陵水黎族自治县
东方市,保亭黎族苗族自治县
东方市,琼中黎族苗族自治县
南雄市,南雄市
阜康市,阜康市
阜康市,呼图壁县
阜康市,玛纳斯县
阜康市,奇台县
阜康市,吉木萨尔县
阜康市,木垒哈萨克自治县
阜康市,博尔塔拉蒙古自治州
临江市,临江市
古交市,古交市
孟州市,孟州市
格尔木市,格尔木市
蛟河市,蛟河市
信宜市,信宜市
丰城市,丰城市
乌苏市,乌苏市
乌苏市,额敏县
乌苏市,沙湾县
乌苏市,托里县
乌苏市,裕民县
乌苏市,和布克赛尔蒙古自治县
乌苏市,阿勒泰地区
建阳市,建阳市
磐石市,磐石市
定州市,定州市
高安市,高安市
宁国市,宁国市
宁国市,福建省
共青城市,共青城市
辉县市,辉县市
宣威市,宣威市
